<?xml version="1.0" encoding="UTF-8"?>
<!-- Generated by org.testng.reporters.JUnitXMLReporter -->
<testsuite ignored="0" hostname="asus" failures="0" tests="5" name="Surefire test" time="55.068" errors="0" timestamp="2024-10-25T17:44:00 IST">
  <testcase classname="com.ekartrh.tests.ErrorValidationsTest" name="loginValidation" time="2.064"/>
  <testcase classname="com.ekartrh.tests.ErrorValidationsTest" name="producNametValidation" time="6.237"/>
  <testcase classname="com.ekartrh.tests.SubmitOrderTest" name="submitOrder" time="4.144"/>
  <testcase classname="com.ekartrh.tests.SubmitOrderTest" name="submitOrder" time="4.288"/>
  <testcase classname="com.ekartrh.tests.SubmitOrderTest" name="OrdersHistoryTest" time="0.627"/>
</testsuite> <!-- Surefire test -->
