<?xml version="1.0" encoding="UTF-8"?>
<!-- Generated by org.testng.reporters.JUnitXMLReporter -->
<testsuite ignored="1" hostname="asus" failures="0" tests="1" name="Error Validations Test" time="5.241" errors="0" timestamp="2024-11-03T18:09:34 IST">
  <testcase classname="com.ekartrh.tests.ErrorValidationsTest" name="loginValidation" time="0.51"/>
  <testcase classname="com.ekartrh.tests.ErrorValidationsTest" name="producNametValidation" time="0.0">
    <ignored/>
  </testcase> <!-- producNametValidation -->
</testsuite> <!-- Error Validations Test -->
