<?xml version="1.0" encoding="UTF-8"?>
<!-- Generated by org.testng.reporters.JUnitXMLReporter -->
<testsuite ignored="2" hostname="asus" failures="0" tests="0" time="0.01" errors="0" timestamp="2024-11-03T18:09:28 IST">
  <testcase classname="com.ekartrh.tests.SubmitOrderTest" name="submitOrder" time="0.0">
    <ignored/>
  </testcase> <!-- submitOrder -->
  <testcase classname="com.ekartrh.tests.SubmitOrderTest" name="OrdersHistoryTest" time="0.0">
    <ignored/>
  </testcase> <!-- OrdersHistoryTest -->
</testsuite>
