<?xml version="1.0" encoding="UTF-8"?>
<testng-results ignored="0" total="1" passed="1" failed="0" skipped="0">
  <reporter-output>
  </reporter-output>
  <suite started-at="2024-11-03T18:09:28 IST" name="Suite" finished-at="2024-11-03T18:09:34 IST" duration-ms="5297">
    <groups>
      <group name="ErrorHandling">
        <method signature="ErrorValidationsTest.loginValidation()[pri:0, instance:com.ekartrh.tests.ErrorValidationsTest@587e5365]" name="loginValidation" class="com.ekartrh.tests.ErrorValidationsTest"/>
      </group> <!-- ErrorHandling -->
    </groups>
    <test started-at="2024-11-03T18:09:28 IST" name="Submit order test" finished-at="2024-11-03T18:09:28 IST" duration-ms="10">
    </test> <!-- Submit order test -->
    <test started-at="2024-11-03T18:09:28 IST" name="Error Validations Test" finished-at="2024-11-03T18:09:34 IST" duration-ms="5241">
      <class name="com.ekartrh.tests.ErrorValidationsTest">
        <test-method is-config="true" signature="launchApplication()[pri:0, instance:com.ekartrh.tests.ErrorValidationsTest@587e5365]" started-at="2024-11-03T18:09:28 IST" name="launchApplication" finished-at="2024-11-03T18:09:33 IST" duration-ms="4528" status="PASS">
          <reporter-output>
          </reporter-output>
        </test-method> <!-- launchApplication -->
        <test-method signature="loginValidation()[pri:0, instance:com.ekartrh.tests.ErrorValidationsTest@587e5365]" started-at="2024-11-03T18:09:33 IST" name="loginValidation" finished-at="2024-11-03T18:09:33 IST" duration-ms="510" status="PASS">
          <reporter-output>
          </reporter-output>
        </test-method> <!-- loginValidation -->
        <test-method is-config="true" signature="quitDriver()[pri:0, instance:com.ekartrh.tests.ErrorValidationsTest@587e5365]" started-at="2024-11-03T18:09:33 IST" name="quitDriver" finished-at="2024-11-03T18:09:34 IST" duration-ms="170" status="PASS">
          <reporter-output>
          </reporter-output>
        </test-method> <!-- quitDriver -->
      </class> <!-- com.ekartrh.tests.ErrorValidationsTest -->
    </test> <!-- Error Validations Test -->
  </suite> <!-- Suite -->
</testng-results>
