<?xml version="1.0" encoding="UTF-8"?>
<testng-results ignored="3" total="4" passed="1" failed="0" skipped="0">
  <reporter-output>
  </reporter-output>
  <suite started-at="2024-11-23T20:59:23 IST" name="Suite" finished-at="2024-11-23T20:59:46 IST" duration-ms="22896">
    <groups>
      <group name="ErrorHandling">
        <method signature="ErrorValidationsTest.loginValidation()[pri:0, instance:com.ekartrh.tests.ErrorValidationsTest@55b0dcab]" name="loginValidation" class="com.ekartrh.tests.ErrorValidationsTest"/>
      </group> <!-- ErrorHandling -->
    </groups>
    <test started-at="2024-11-23T20:59:23 IST" name="Submit order test" finished-at="2024-11-23T20:59:23 IST" duration-ms="15">
    </test> <!-- Submit order test -->
    <test started-at="2024-11-23T20:59:23 IST" name="Error Validations Test" finished-at="2024-11-23T20:59:46 IST" duration-ms="22759">
      <class name="com.ekartrh.tests.ErrorValidationsTest">
        <test-method is-config="true" signature="launchApplication()[pri:0, instance:com.ekartrh.tests.ErrorValidationsTest@55b0dcab]" started-at="2024-11-23T20:59:23 IST" name="launchApplication" finished-at="2024-11-23T20:59:45 IST" duration-ms="21976" status="PASS">
          <reporter-output>
          </reporter-output>
        </test-method> <!-- launchApplication -->
        <test-method signature="loginValidation()[pri:0, instance:com.ekartrh.tests.ErrorValidationsTest@55b0dcab]" started-at="2024-11-23T20:59:45 IST" name="loginValidation" finished-at="2024-11-23T20:59:46 IST" duration-ms="593" status="PASS">
          <reporter-output>
          </reporter-output>
        </test-method> <!-- loginValidation -->
        <test-method is-config="true" signature="quitDriver()[pri:0, instance:com.ekartrh.tests.ErrorValidationsTest@55b0dcab]" started-at="2024-11-23T20:59:46 IST" name="quitDriver" finished-at="2024-11-23T20:59:46 IST" duration-ms="155" status="PASS">
          <reporter-output>
          </reporter-output>
        </test-method> <!-- quitDriver -->
      </class> <!-- com.ekartrh.tests.ErrorValidationsTest -->
    </test> <!-- Error Validations Test -->
  </suite> <!-- Suite -->
</testng-results>
